# JRE version: Java(TM) SE Runtime Environment 18.9 (11.0.15+8) (build 11.0.15+8-LTS-149)
# Java VM: Java HotSpot(TM) 64-Bit Server VM 18.9 (11.0.15+8-LTS-149, mixed mode, tiered, compressed oops, g1 gc, windows-amd64)
Heap:
 garbage-first heap   total 262144K, used 117641K [0x0000000701200000, 0x0000000800000000)
  region size 1024K, 70 young (71680K), 8 survivors (8192K)
 Metaspace       used 84699K, capacity 86878K, committed 87204K, reserved 1124352K
  class space    used 10602K, capacity 11446K, committed 11520K, reserved 1048576K
GC Heap History (10 events):
Event: 20833.516 GC heap before
{Heap before GC invocations=26 (full 0):
 garbage-first heap   total 262144K, used 202322K [0x0000000701200000, 0x0000000800000000)
  region size 1024K, 153 young (156672K), 9 survivors (9216K)
 Metaspace       used 84510K, capacity 86661K, committed 86948K, reserved 1124352K
  class space    used 10600K, capacity 11442K, committed 11520K, reserved 1048576K
}
Event: 20833.520 GC heap after
{Heap after GC invocations=27 (full 0):
 garbage-first heap   total 262144K, used 54875K [0x0000000701200000, 0x0000000800000000)
  region size 1024K, 9 young (9216K), 9 survivors (9216K)
 Metaspace       used 84510K, capacity 86661K, committed 86948K, reserved 1124352K
  class space    used 10600K, capacity 11442K, committed 11520K, reserved 1048576K
}
Event: 22370.190 GC heap before
{Heap before GC invocations=27 (full 0):
 garbage-first heap   total 262144K, used 202331K [0x0000000701200000, 0x0000000800000000)
  region size 1024K, 153 young (156672K), 9 survivors (9216K)
 Metaspace       used 84510K, capacity 86661K, committed 86948K, reserved 1124352K
  class space    used 10600K, capacity 11442K, committed 11520K, reserved 1048576K
}
Event: 22370.195 GC heap after
{Heap after GC invocations=28 (full 0):
 garbage-first heap   total 262144K, used 54678K [0x0000000701200000, 0x0000000800000000)
  region size 1024K, 9 young (9216K), 9 survivors (9216K)
 Metaspace       used 84510K, capacity 86661K, committed 86948K, reserved 1124352K
  class space    used 10600K, capacity 11442K, committed 11520K, reserved 1048576K
}
Event: 23816.156 GC heap before
{Heap before GC invocations=28 (full 0):
 garbage-first heap   total 262144K, used 201110K [0x0000000701200000, 0x0000000800000000)
  region size 1024K, 153 young (156672K), 9 survivors (9216K)
 Metaspace       used 84513K, capacity 86661K, committed 86948K, reserved 1124352K
  class space    used 10600K, capacity 11442K, committed 11520K, reserved 1048576K
}
Event: 23816.163 GC heap after
{Heap after GC invocations=29 (full 0):
 garbage-first heap   total 262144K, used 54868K [0x0000000701200000, 0x0000000800000000)
  region size 1024K, 9 young (9216K), 9 survivors (9216K)
 Metaspace       used 84513K, capacity 86661K, committed 86948K, reserved 1124352K
  class space    used 10600K, capacity 11442K, committed 11520K, reserved 1048576K
}
Event: 25226.709 GC heap before
{Heap before GC invocations=29 (full 0):
 garbage-first heap   total 262144K, used 202324K [0x0000000701200000, 0x0000000800000000)
  region size 1024K, 153 young (156672K), 9 survivors (9216K)
 Metaspace       used 84698K, capacity 86878K, committed 87204K, reserved 1124352K
  class space    used 10602K, capacity 11446K, committed 11520K, reserved 1048576K
}
Event: 25226.715 GC heap after
{Heap after GC invocations=30 (full 0):
 garbage-first heap   total 262144K, used 54677K [0x0000000701200000, 0x0000000800000000)
  region size 1024K, 9 young (9216K), 9 survivors (9216K)
 Metaspace       used 84698K, capacity 86878K, committed 87204K, reserved 1124352K
  class space    used 10602K, capacity 11446K, committed 11520K, reserved 1048576K
}
Event: 26750.600 GC heap before
{Heap before GC invocations=30 (full 0):
 garbage-first heap   total 262144K, used 202133K [0x0000000701200000, 0x0000000800000000)
  region size 1024K, 153 young (156672K), 9 survivors (9216K)
 Metaspace       used 84699K, capacity 86878K, committed 87204K, reserved 1124352K
  class space    used 10602K, capacity 11446K, committed 11520K, reserved 1048576K
}
Event: 26750.621 GC heap after
{Heap after GC invocations=31 (full 0):
 garbage-first heap   total 262144K, used 55177K [0x0000000701200000, 0x0000000800000000)
  region size 1024K, 8 young (8192K), 8 survivors (8192K)
 Metaspace       used 84699K, capacity 86878K, committed 87204K, reserved 1124352K
  class space    used 10602K, capacity 11446K, committed 11520K, reserved 1048576K
}

